Analysis & Synthesis report for hit
Fri Jun 14 20:41:55 2013
Quartus II Version 11.0 Build 157 04/27/2011 SJ Full Version


---------------------
; Table of Contents ;
---------------------
  1. Legal Notice
  2. Analysis & Synthesis Summary
  3. Analysis & Synthesis Settings
  4. Parallel Compilation
  5. Analysis & Synthesis Source Files Read
  6. Analysis & Synthesis Resource Usage Summary
  7. Analysis & Synthesis Resource Utilization by Entity
  8. Registers Removed During Synthesis
  9. General Register Statistics
 10. Inverted Register Statistics
 11. Multiplexer Restructuring Statistics (Restructuring Performed)
 12. Analysis & Synthesis Messages



----------------
; Legal Notice ;
----------------
Copyright (C) 1991-2011 Altera Corporation
Your use of Altera Corporation's design tools, logic functions 
and other software and tools, and its AMPP partner logic 
functions, and any output files from any of the foregoing 
(including device programming or simulation files), and any 
associated documentation or information are expressly subject 
to the terms and conditions of the Altera Program License 
Subscription Agreement, Altera MegaCore Function License 
Agreement, or other applicable license agreement, including, 
without limitation, that your use is for the sole purpose of 
programming logic devices manufactured by Altera and sold by 
Altera or its authorized distributors.  Please refer to the 
applicable agreement for further details.



+-------------------------------------------------------------------------+
; Analysis & Synthesis Summary                                            ;
+-----------------------------+-------------------------------------------+
; Analysis & Synthesis Status ; Successful - Fri Jun 14 20:41:55 2013     ;
; Quartus II Version          ; 11.0 Build 157 04/27/2011 SJ Full Version ;
; Revision Name               ; hit                                       ;
; Top-level Entity Name       ; hit                                       ;
; Family                      ; MAX II                                    ;
; Total logic elements        ; 264                                       ;
; Total pins                  ; 64                                        ;
; Total virtual pins          ; 0                                         ;
; UFM blocks                  ; 0 / 1 ( 0 % )                             ;
+-----------------------------+-------------------------------------------+


+----------------------------------------------------------------------------------------------------------------------+
; Analysis & Synthesis Settings                                                                                        ;
+----------------------------------------------------------------------------+--------------------+--------------------+
; Option                                                                     ; Setting            ; Default Value      ;
+----------------------------------------------------------------------------+--------------------+--------------------+
; Device                                                                     ; EPM240T100A5       ;                    ;
; Top-level entity name                                                      ; hit                ; hit                ;
; Family name                                                                ; MAX II             ; Cyclone IV GX      ;
; Use smart compilation                                                      ; Off                ; Off                ;
; Enable parallel Assembler and TimeQuest Timing Analyzer during compilation ; On                 ; On                 ;
; Enable compact report table                                                ; Off                ; Off                ;
; Restructure Multiplexers                                                   ; Auto               ; Auto               ;
; Create Debugging Nodes for IP Cores                                        ; Off                ; Off                ;
; Preserve fewer node names                                                  ; On                 ; On                 ;
; Disable OpenCore Plus hardware evaluation                                  ; Off                ; Off                ;
; Verilog Version                                                            ; Verilog_2001       ; Verilog_2001       ;
; VHDL Version                                                               ; VHDL_1993          ; VHDL_1993          ;
; State Machine Processing                                                   ; Auto               ; Auto               ;
; Safe State Machine                                                         ; Off                ; Off                ;
; Extract Verilog State Machines                                             ; On                 ; On                 ;
; Extract VHDL State Machines                                                ; On                 ; On                 ;
; Ignore Verilog initial constructs                                          ; Off                ; Off                ;
; Iteration limit for constant Verilog loops                                 ; 5000               ; 5000               ;
; Iteration limit for non-constant Verilog loops                             ; 250                ; 250                ;
; Add Pass-Through Logic to Inferred RAMs                                    ; On                 ; On                 ;
; Parallel Synthesis                                                         ; On                 ; On                 ;
; NOT Gate Push-Back                                                         ; On                 ; On                 ;
; Power-Up Don't Care                                                        ; On                 ; On                 ;
; Remove Redundant Logic Cells                                               ; Off                ; Off                ;
; Remove Duplicate Registers                                                 ; On                 ; On                 ;
; Ignore CARRY Buffers                                                       ; Off                ; Off                ;
; Ignore CASCADE Buffers                                                     ; Off                ; Off                ;
; Ignore GLOBAL Buffers                                                      ; Off                ; Off                ;
; Ignore ROW GLOBAL Buffers                                                  ; Off                ; Off                ;
; Ignore LCELL Buffers                                                       ; Off                ; Off                ;
; Ignore SOFT Buffers                                                        ; On                 ; On                 ;
; Limit AHDL Integers to 32 Bits                                             ; Off                ; Off                ;
; Optimization Technique                                                     ; Balanced           ; Balanced           ;
; Carry Chain Length                                                         ; 70                 ; 70                 ;
; Auto Carry Chains                                                          ; On                 ; On                 ;
; Auto Open-Drain Pins                                                       ; On                 ; On                 ;
; Perform WYSIWYG Primitive Resynthesis                                      ; Off                ; Off                ;
; Auto Shift Register Replacement                                            ; Auto               ; Auto               ;
; Allow Shift Register Merging across Hierarchies                            ; Auto               ; Auto               ;
; Auto Clock Enable Replacement                                              ; On                 ; On                 ;
; Allow Synchronous Control Signals                                          ; On                 ; On                 ;
; Force Use of Synchronous Clear Signals                                     ; Off                ; Off                ;
; Auto Resource Sharing                                                      ; Off                ; Off                ;
; Use LogicLock Constraints during Resource Balancing                        ; On                 ; On                 ;
; Ignore translate_off and synthesis_off directives                          ; Off                ; Off                ;
; Report Parameter Settings                                                  ; On                 ; On                 ;
; Report Source Assignments                                                  ; On                 ; On                 ;
; Report Connectivity Checks                                                 ; On                 ; On                 ;
; Ignore Maximum Fan-Out Assignments                                         ; Off                ; Off                ;
; Synchronization Register Chain Length                                      ; 2                  ; 2                  ;
; PowerPlay Power Optimization                                               ; Normal compilation ; Normal compilation ;
; HDL message level                                                          ; Level2             ; Level2             ;
; Suppress Register Optimization Related Messages                            ; Off                ; Off                ;
; Number of Removed Registers Reported in Synthesis Report                   ; 5000               ; 5000               ;
; Number of Inverted Registers Reported in Synthesis Report                  ; 100                ; 100                ;
; Clock MUX Protection                                                       ; On                 ; On                 ;
; Block Design Naming                                                        ; Auto               ; Auto               ;
; Synthesis Effort                                                           ; Auto               ; Auto               ;
; Shift Register Replacement - Allow Asynchronous Clear Signal               ; On                 ; On                 ;
; Analysis & Synthesis Message Level                                         ; Medium             ; Medium             ;
; Disable Register Merging Across Hierarchies                                ; Auto               ; Auto               ;
; Synthesis Seed                                                             ; 1                  ; 1                  ;
+----------------------------------------------------------------------------+--------------------+--------------------+


+------------------------------------------+
; Parallel Compilation                     ;
+----------------------------+-------------+
; Processors                 ; Number      ;
+----------------------------+-------------+
; Number detected on machine ; 2           ;
; Maximum allowed            ; 2           ;
;                            ;             ;
; Average used               ; 1.00        ;
; Maximum used               ; 1           ;
;                            ;             ;
; Usage by Processor         ; % Time Used ;
;     1 processor            ; 100.0%      ;
;     2 processors           ;   0.0%      ;
+----------------------------+-------------+


+-----------------------------------------------------------------------------------------------------------+
; Analysis & Synthesis Source Files Read                                                                    ;
+----------------------------------+-----------------+-----------------+------------------------------------+
; File Name with User-Entered Path ; Used in Netlist ; File Type       ; File Name with Absolute Path       ;
+----------------------------------+-----------------+-----------------+------------------------------------+
; hit.vhd                          ; yes             ; User VHDL File  ; D:/CPLDworkspace/final/hit/hit.vhd ;
+----------------------------------+-----------------+-----------------+------------------------------------+


+-----------------------------------------------------+
; Analysis & Synthesis Resource Usage Summary         ;
+---------------------------------------------+-------+
; Resource                                    ; Usage ;
+---------------------------------------------+-------+
; Total logic elements                        ; 264   ;
;     -- Combinational with no register       ; 187   ;
;     -- Register only                        ; 30    ;
;     -- Combinational with a register        ; 47    ;
;                                             ;       ;
; Logic element usage by number of LUT inputs ;       ;
;     -- 4 input functions                    ; 164   ;
;     -- 3 input functions                    ; 40    ;
;     -- 2 input functions                    ; 27    ;
;     -- 1 input functions                    ; 3     ;
;     -- 0 input functions                    ; 0     ;
;                                             ;       ;
; Logic elements by mode                      ;       ;
;     -- normal mode                          ; 260   ;
;     -- arithmetic mode                      ; 4     ;
;     -- qfbk mode                            ; 0     ;
;     -- register cascade mode                ; 0     ;
;     -- synchronous clear/load mode          ; 7     ;
;     -- asynchronous clear/load mode         ; 0     ;
;                                             ;       ;
; Total registers                             ; 77    ;
; Total logic cells in carry chains           ; 5     ;
; I/O pins                                    ; 64    ;
; Maximum fan-out node                        ; clk   ;
; Maximum fan-out                             ; 59    ;
; Total fan-out                               ; 1064  ;
; Average fan-out                             ; 3.24  ;
+---------------------------------------------+-------+


+--------------------------------------------------------------------------------------------------------------------------------------------------------------------------------------------------------------------------------------+
; Analysis & Synthesis Resource Utilization by Entity                                                                                                                                                                                  ;
+----------------------------+-------------+--------------+------------+------+--------------+--------------+-------------------+------------------+-----------------+------------+-------------------------------------+--------------+
; Compilation Hierarchy Node ; Logic Cells ; LC Registers ; UFM Blocks ; Pins ; Virtual Pins ; LUT-Only LCs ; Register-Only LCs ; LUT/Register LCs ; Carry Chain LCs ; Packed LCs ; Full Hierarchy Name                 ; Library Name ;
+----------------------------+-------------+--------------+------------+------+--------------+--------------+-------------------+------------------+-----------------+------------+-------------------------------------+--------------+
; |hit                       ; 264 (106)   ; 77           ; 0          ; 64   ; 0            ; 187 (46)     ; 30 (30)           ; 47 (30)          ; 5 (5)           ; 0 (0)      ; |hit                                ; work         ;
;    |largelymfs:u1|         ; 158 (106)   ; 17           ; 0          ; 0    ; 0            ; 141 (89)     ; 0 (0)             ; 17 (17)          ; 0 (0)           ; 0 (0)      ; |hit|largelymfs:u1                  ; work         ;
;       |display_basic:u1|   ; 52 (52)     ; 0            ; 0          ; 0    ; 0            ; 52 (52)      ; 0 (0)             ; 0 (0)            ; 0 (0)           ; 0 (0)      ; |hit|largelymfs:u1|display_basic:u1 ; work         ;
+----------------------------+-------------+--------------+------------+------+--------------+--------------+-------------------+------------------+-----------------+------------+-------------------------------------+--------------+
Note: For table entries with two numbers listed, the numbers in parentheses indicate the number of resources of the given type used by the specific entity alone. The numbers listed outside of parentheses indicate the total resources of the given type used by the specific entity and all of its sub-entities in the hierarchy.


+---------------------------------------------------------------------------------+
; Registers Removed During Synthesis                                              ;
+----------------------------------------+----------------------------------------+
; Register name                          ; Reason for Removal                     ;
+----------------------------------------+----------------------------------------+
; typ1[0]                                ; Stuck at GND due to stuck port data_in ;
; fqy[2]                                 ; Stuck at VCC due to stuck port data_in ;
; number_len[0]                          ; Merged with number_index[0]            ;
; number_len[1]                          ; Merged with number_index[1]            ;
; number_len[2]                          ; Merged with number_index[2]            ;
; number_len[3]                          ; Merged with number_index[3]            ;
; number_len[4]                          ; Merged with number_index[4]            ;
; typ1[1..15]                            ; Stuck at GND due to stuck port data_in ;
; Total Number of Removed Registers = 22 ;                                        ;
+----------------------------------------+----------------------------------------+


+------------------------------------------------------+
; General Register Statistics                          ;
+----------------------------------------------+-------+
; Statistic                                    ; Value ;
+----------------------------------------------+-------+
; Total registers                              ; 77    ;
; Number of registers using Synchronous Clear  ; 0     ;
; Number of registers using Synchronous Load   ; 7     ;
; Number of registers using Asynchronous Clear ; 0     ;
; Number of registers using Asynchronous Load  ; 0     ;
; Number of registers using Clock Enable       ; 54    ;
; Number of registers using Preset             ; 0     ;
+----------------------------------------------+-------+


+--------------------------------------------------+
; Inverted Register Statistics                     ;
+----------------------------------------+---------+
; Inverted Register                      ; Fan out ;
+----------------------------------------+---------+
; life[2]                                ; 7       ;
; life[1]                                ; 5       ;
; life[0]                                ; 5       ;
; over                                   ; 4       ;
; Total number of inverted registers = 4 ;         ;
+----------------------------------------+---------+


+----------------------------------------------------------------------------------------------------------------------------------------------------------------+
; Multiplexer Restructuring Statistics (Restructuring Performed)                                                                                                 ;
+--------------------+-----------+---------------+----------------------+------------------------+----------------------------------+----------------------------+
; Multiplexer Inputs ; Bus Width ; Baseline Area ; Area if Restructured ; Saving if Restructured ; Registered                       ; Example Multiplexer Output ;
+--------------------+-----------+---------------+----------------------+------------------------+----------------------------------+----------------------------+
; 3:1                ; 26 bits   ; 52 LEs        ; 0 LEs                ; 52 LEs                 ; |hit|info[14]                    ;                            ;
; 4:1                ; 3 bits    ; 6 LEs         ; 3 LEs                ; 3 LEs                  ; |hit|score[4]                    ;                            ;
; 4:1                ; 3 bits    ; 6 LEs         ; 3 LEs                ; 3 LEs                  ; |hit|score[2]                    ;                            ;
; 12:1               ; 2 bits    ; 16 LEs        ; 4 LEs                ; 12 LEs                 ; |hit|largelymfs:u1|led_pos_me[7] ;                            ;
; 10:1               ; 3 bits    ; 18 LEs        ; 12 LEs               ; 6 LEs                  ; |hit|life[2]                     ;                            ;
; 16:1               ; 2 bits    ; 20 LEs        ; 20 LEs               ; 0 LEs                  ; |hit|largelymfs:u1|Mux45         ;                            ;
+--------------------+-----------+---------------+----------------------+------------------------+----------------------------------+----------------------------+


+-------------------------------+
; Analysis & Synthesis Messages ;
+-------------------------------+
Info: *******************************************************************
Info: Running Quartus II Analysis & Synthesis
    Info: Version 11.0 Build 157 04/27/2011 SJ Full Version
    Info: Processing started: Fri Jun 14 20:41:52 2013
Info: Command: quartus_map --read_settings_files=on --write_settings_files=off hit -c hit
Info: Parallel compilation is enabled and will use 2 of the 2 processors detected
Info: Found 6 design units, including 3 entities, in source file hit.vhd
    Info: Found design unit 1: display_basic-display
    Info: Found design unit 2: largelymfs-dis
    Info: Found design unit 3: hit-run
    Info: Found entity 1: display_basic
    Info: Found entity 2: largelymfs
    Info: Found entity 3: hit
Info: Elaborating entity "hit" for the top level hierarchy
Warning (10540): VHDL Signal Declaration warning at hit.vhd(718): used explicit default value for signal "len" because signal was never assigned a value
Warning (10540): VHDL Signal Declaration warning at hit.vhd(720): used explicit default value for signal "random" because signal was never assigned a value
Info: Elaborating entity "largelymfs" for hierarchy "largelymfs:u1"
Info: Elaborating entity "display_basic" for hierarchy "largelymfs:u1|display_basic:u1"
Info: Implemented 328 device resources after synthesis - the final resource count might be different
    Info: Implemented 8 input pins
    Info: Implemented 56 output pins
    Info: Implemented 264 logic cells
Info: Quartus II Analysis & Synthesis was successful. 0 errors, 2 warnings
    Info: Peak virtual memory: 287 megabytes
    Info: Processing ended: Fri Jun 14 20:41:55 2013
    Info: Elapsed time: 00:00:03
    Info: Total CPU time (on all processors): 00:00:02


